{"C:\\Users\\LATIFAH\\backend-portifolio\\brand-backend\\middleWare\\authMiddleware.ts": {"path":"C:\\Users\\LATIFAH\\backend-portifolio\\brand-backend\\middleWare\\authMiddleware.ts","statementMap":{"0":{"start":{"line":2,"column":0},"end":{"line":2,"column":31}},"1":{"start":{"line":5,"column":16},"end":{"line":5,"column":56}},"2":{"start":{"line":6,"column":2},"end":{"line":11,"column":3}},"3":{"start":{"line":7,"column":4},"end":{"line":10,"column":7}},"4":{"start":{"line":13,"column":2},"end":{"line":24,"column":5}},"5":{"start":{"line":14,"column":4},"end":{"line":19,"column":5}},"6":{"start":{"line":15,"column":6},"end":{"line":18,"column":9}},"7":{"start":{"line":22,"column":5},"end":{"line":22,"column":32}},"8":{"start":{"line":23,"column":4},"end":{"line":23,"column":11}},"9":{"start":{"line":26,"column":9},"end":{"line":26,"column":20}}},"fnMap":{"0":{"name":"verifyToken","decl":{"start":{"line":4,"column":9},"end":{"line":4,"column":20}},"loc":{"start":{"line":4,"column":68},"end":{"line":25,"column":1}}},"1":{"name":"(anonymous_2)","decl":{"start":{"line":13,"column":45},"end":{"line":13,"column":46}},"loc":{"start":{"line":13,"column":72},"end":{"line":24,"column":3}}}},"branchMap":{"0":{"loc":{"start":{"line":5,"column":16},"end":{"line":5,"column":56}},"type":"cond-expr","locations":[{"start":{"line":5,"column":41},"end":{"line":5,"column":43}},{"start":{"line":5,"column":41},"end":{"line":5,"column":56}}]},"1":{"loc":{"start":{"line":5,"column":16},"end":{"line":5,"column":43}},"type":"binary-expr","locations":[{"start":{"line":5,"column":16},"end":{"line":5,"column":43}},{"start":{"line":5,"column":41},"end":{"line":5,"column":43}}]},"2":{"loc":{"start":{"line":6,"column":2},"end":{"line":11,"column":3}},"type":"if","locations":[{"start":{"line":6,"column":2},"end":{"line":11,"column":3}}]},"3":{"loc":{"start":{"line":14,"column":4},"end":{"line":19,"column":5}},"type":"if","locations":[{"start":{"line":14,"column":4},"end":{"line":19,"column":5}}]}},"s":{"0":1,"1":17,"2":17,"3":5,"4":12,"5":12,"6":2,"7":10,"8":10,"9":1},"f":{"0":17,"1":12},"b":{"0":[5,12],"1":[17,17],"2":[5],"3":[2]}}
,"C:\\Users\\LATIFAH\\backend-portifolio\\brand-backend\\routes\\blogRoutes.ts": {"path":"C:\\Users\\LATIFAH\\backend-portifolio\\brand-backend\\routes\\blogRoutes.ts","statementMap":{"0":{"start":{"line":1,"column":0},"end":{"line":1,"column":42}},"1":{"start":{"line":4,"column":0},"end":{"line":4,"column":59}},"2":{"start":{"line":5,"column":0},"end":{"line":5,"column":68}},"3":{"start":{"line":8,"column":23},"end":{"line":8,"column":39}},"4":{"start":{"line":10,"column":0},"end":{"line":10,"column":63}},"5":{"start":{"line":12,"column":0},"end":{"line":12,"column":51}},"6":{"start":{"line":14,"column":0},"end":{"line":14,"column":59}},"7":{"start":{"line":15,"column":0},"end":{"line":15,"column":76}},"8":{"start":{"line":17,"column":0},"end":{"line":17,"column":72}},"9":{"start":{"line":18,"column":0},"end":{"line":18,"column":22}}},"fnMap":{},"branchMap":{},"s":{"0":1,"1":1,"2":1,"3":1,"4":1,"5":1,"6":1,"7":1,"8":1,"9":1},"f":{},"b":{}}
,"C:\\Users\\LATIFAH\\backend-portifolio\\brand-backend\\routes\\messagesRoutes.ts": {"path":"C:\\Users\\LATIFAH\\backend-portifolio\\brand-backend\\routes\\messagesRoutes.ts","statementMap":{"0":{"start":{"line":2,"column":0},"end":{"line":2,"column":42}},"1":{"start":{"line":4,"column":0},"end":{"line":4,"column":59}},"2":{"start":{"line":5,"column":0},"end":{"line":5,"column":74}},"3":{"start":{"line":7,"column":23},"end":{"line":7,"column":39}},"4":{"start":{"line":8,"column":0},"end":{"line":8,"column":59}},"5":{"start":{"line":9,"column":0},"end":{"line":9,"column":74}},"6":{"start":{"line":10,"column":0},"end":{"line":14,"column":2}},"7":{"start":{"line":16,"column":0},"end":{"line":20,"column":2}},"8":{"start":{"line":21,"column":0},"end":{"line":21,"column":22}}},"fnMap":{},"branchMap":{},"s":{"0":1,"1":1,"2":1,"3":1,"4":1,"5":1,"6":1,"7":1,"8":1},"f":{},"b":{}}
,"C:\\Users\\LATIFAH\\backend-portifolio\\brand-backend\\src\\index.ts": {"path":"C:\\Users\\LATIFAH\\backend-portifolio\\brand-backend\\src\\index.ts","statementMap":{"0":{"start":{"line":1,"column":0},"end":{"line":1,"column":47}},"1":{"start":{"line":3,"column":0},"end":{"line":3,"column":46}},"2":{"start":{"line":4,"column":0},"end":{"line":4,"column":54}},"3":{"start":{"line":5,"column":0},"end":{"line":5,"column":38}},"4":{"start":{"line":7,"column":0},"end":{"line":7,"column":37}},"5":{"start":{"line":8,"column":0},"end":{"line":8,"column":31}},"6":{"start":{"line":9,"column":0},"end":{"line":9,"column":28}},"7":{"start":{"line":10,"column":0},"end":{"line":10,"column":24}},"8":{"start":{"line":11,"column":0},"end":{"line":11,"column":61}},"9":{"start":{"line":12,"column":0},"end":{"line":12,"column":43}},"10":{"start":{"line":13,"column":0},"end":{"line":13,"column":26}},"11":{"start":{"line":14,"column":21},"end":{"line":14,"column":46}},"12":{"start":{"line":15,"column":25},"end":{"line":15,"column":34}},"13":{"start":{"line":16,"column":0},"end":{"line":16,"column":16}},"14":{"start":{"line":17,"column":0},"end":{"line":17,"column":27}},"15":{"start":{"line":18,"column":0},"end":{"line":18,"column":20}},"16":{"start":{"line":19,"column":0},"end":{"line":19,"column":24}},"17":{"start":{"line":20,"column":0},"end":{"line":20,"column":24}},"18":{"start":{"line":21,"column":0},"end":{"line":23,"column":3}},"19":{"start":{"line":22,"column":2},"end":{"line":22,"column":65}},"20":{"start":{"line":25,"column":19},"end":{"line":25,"column":21}},"21":{"start":{"line":26,"column":0},"end":{"line":77,"column":3}},"22":{"start":{"line":26,"column":46},"end":{"line":77,"column":2}},"23":{"start":{"line":27,"column":2},"end":{"line":76,"column":3}},"24":{"start":{"line":29,"column":17},"end":{"line":29,"column":25}},"25":{"start":{"line":30,"column":18},"end":{"line":30,"column":44}},"26":{"start":{"line":31,"column":4},"end":{"line":33,"column":5}},"27":{"start":{"line":32,"column":6},"end":{"line":32,"column":34}},"28":{"start":{"line":35,"column":32},"end":{"line":35,"column":36}},"29":{"start":{"line":39,"column":33},"end":{"line":41,"column":6}},"30":{"start":{"line":44,"column":4},"end":{"line":50,"column":5}},"31":{"start":{"line":45,"column":6},"end":{"line":48,"column":9}},"32":{"start":{"line":52,"column":27},"end":{"line":52,"column":66}},"33":{"start":{"line":54,"column":20},"end":{"line":57,"column":6}},"34":{"start":{"line":60,"column":4},"end":{"line":65,"column":7}},"35":{"start":{"line":66,"column":4},"end":{"line":66,"column":11}},"36":{"start":{"line":69,"column":4},"end":{"line":69,"column":23}},"37":{"start":{"line":72,"column":4},"end":{"line":75,"column":7}},"38":{"start":{"line":78,"column":0},"end":{"line":141,"column":3}},"39":{"start":{"line":78,"column":43},"end":{"line":141,"column":2}},"40":{"start":{"line":79,"column":2},"end":{"line":140,"column":3}},"41":{"start":{"line":80,"column":17},"end":{"line":80,"column":25}},"42":{"start":{"line":81,"column":18},"end":{"line":81,"column":44}},"43":{"start":{"line":82,"column":4},"end":{"line":84,"column":5}},"44":{"start":{"line":83,"column":6},"end":{"line":83,"column":34}},"45":{"start":{"line":86,"column":32},"end":{"line":86,"column":36}},"46":{"start":{"line":89,"column":24},"end":{"line":91,"column":6}},"47":{"start":{"line":94,"column":4},"end":{"line":101,"column":5}},"48":{"start":{"line":95,"column":6},"end":{"line":99,"column":9}},"49":{"start":{"line":100,"column":6},"end":{"line":100,"column":13}},"50":{"start":{"line":105,"column":30},"end":{"line":107,"column":null}},"51":{"start":{"line":112,"column":4},"end":{"line":119,"column":5}},"52":{"start":{"line":113,"column":6},"end":{"line":117,"column":9}},"53":{"start":{"line":118,"column":6},"end":{"line":118,"column":13}},"54":{"start":{"line":122,"column":18},"end":{"line":124,"column":null}},"55":{"start":{"line":128,"column":4},"end":{"line":133,"column":7}},"56":{"start":{"line":136,"column":4},"end":{"line":139,"column":7}},"57":{"start":{"line":145,"column":0},"end":{"line":145,"column":21}},"58":{"start":{"line":146,"column":0},"end":{"line":146,"column":69}},"59":{"start":{"line":148,"column":0},"end":{"line":148,"column":19}}},"fnMap":{"0":{"name":"(anonymous_8)","decl":{"start":{"line":21,"column":13},"end":{"line":21,"column":14}},"loc":{"start":{"line":21,"column":45},"end":{"line":23,"column":1}}},"1":{"name":"(anonymous_9)","decl":{"start":{"line":26,"column":27},"end":{"line":26,"column":34}},"loc":{"start":{"line":26,"column":46},"end":{"line":77,"column":2}}},"2":{"name":"(anonymous_10)","decl":{"start":{"line":26,"column":46},"end":{"line":26,"column":null}},"loc":{"start":{"line":26,"column":46},"end":{"line":77,"column":1}}},"3":{"name":"(anonymous_11)","decl":{"start":{"line":78,"column":24},"end":{"line":78,"column":31}},"loc":{"start":{"line":78,"column":43},"end":{"line":141,"column":2}}},"4":{"name":"(anonymous_12)","decl":{"start":{"line":78,"column":43},"end":{"line":78,"column":null}},"loc":{"start":{"line":78,"column":43},"end":{"line":141,"column":1}}}},"branchMap":{"0":{"loc":{"start":{"line":31,"column":4},"end":{"line":33,"column":5}},"type":"if","locations":[{"start":{"line":31,"column":4},"end":{"line":33,"column":5}}]},"1":{"loc":{"start":{"line":44,"column":4},"end":{"line":50,"column":5}},"type":"if","locations":[{"start":{"line":44,"column":4},"end":{"line":50,"column":5}}]},"2":{"loc":{"start":{"line":82,"column":4},"end":{"line":84,"column":5}},"type":"if","locations":[{"start":{"line":82,"column":4},"end":{"line":84,"column":5}}]},"3":{"loc":{"start":{"line":94,"column":4},"end":{"line":101,"column":5}},"type":"if","locations":[{"start":{"line":94,"column":4},"end":{"line":101,"column":5}}]},"4":{"loc":{"start":{"line":112,"column":4},"end":{"line":119,"column":5}},"type":"if","locations":[{"start":{"line":112,"column":4},"end":{"line":119,"column":5}}]},"5":{"loc":{"start":{"line":123,"column":13},"end":{"line":123,"column":29}},"type":"cond-expr","locations":[{"start":{"line":123,"column":24},"end":{"line":123,"column":26}},{"start":{"line":123,"column":13},"end":{"line":123,"column":29}}]},"6":{"loc":{"start":{"line":123,"column":13},"end":{"line":123,"column":26}},"type":"binary-expr","locations":[{"start":{"line":123,"column":13},"end":{"line":123,"column":26}},{"start":{"line":123,"column":13},"end":{"line":123,"column":26}}]},"7":{"loc":{"start":{"line":123,"column":38},"end":{"line":123,"column":56}},"type":"cond-expr","locations":[{"start":{"line":123,"column":49},"end":{"line":123,"column":51}},{"start":{"line":123,"column":38},"end":{"line":123,"column":56}}]},"8":{"loc":{"start":{"line":123,"column":38},"end":{"line":123,"column":51}},"type":"binary-expr","locations":[{"start":{"line":123,"column":38},"end":{"line":123,"column":51}},{"start":{"line":123,"column":38},"end":{"line":123,"column":51}}]}},"s":{"0":1,"1":1,"2":1,"3":1,"4":1,"5":1,"6":1,"7":1,"8":1,"9":1,"10":1,"11":1,"12":1,"13":1,"14":1,"15":1,"16":1,"17":1,"18":1,"19":1,"20":1,"21":1,"22":2,"23":2,"24":2,"25":2,"26":2,"27":0,"28":2,"29":2,"30":2,"31":1,"32":2,"33":2,"34":1,"35":1,"36":1,"37":1,"38":1,"39":3,"40":3,"41":3,"42":3,"43":3,"44":0,"45":3,"46":3,"47":3,"48":1,"49":1,"50":2,"51":2,"52":1,"53":1,"54":1,"55":1,"56":0,"57":1,"58":1,"59":1},"f":{"0":1,"1":2,"2":2,"3":3,"4":3},"b":{"0":[0],"1":[1],"2":[0],"3":[1],"4":[1],"5":[0,1],"6":[1,1],"7":[0,1],"8":[1,1]}}
,"C:\\Users\\LATIFAH\\backend-portifolio\\brand-backend\\src\\controllers\\blogController.ts": {"path":"C:\\Users\\LATIFAH\\backend-portifolio\\brand-backend\\src\\controllers\\blogController.ts","statementMap":{"0":{"start":{"line":2,"column":0},"end":{"line":2,"column":38}},"1":{"start":{"line":3,"column":0},"end":{"line":3,"column":63}},"2":{"start":{"line":5,"column":17},"end":{"line":19,"column":null}},"3":{"start":{"line":5,"column":55},"end":{"line":19,"column":null}},"4":{"start":{"line":6,"column":2},"end":{"line":18,"column":3}},"5":{"start":{"line":7,"column":18},"end":{"line":7,"column":43}},"6":{"start":{"line":8,"column":4},"end":{"line":10,"column":5}},"7":{"start":{"line":9,"column":6},"end":{"line":9,"column":40}},"8":{"start":{"line":12,"column":42},"end":{"line":12,"column":50}},"9":{"start":{"line":13,"column":17},"end":{"line":13,"column":65}},"10":{"start":{"line":14,"column":4},"end":{"line":14,"column":31}},"11":{"start":{"line":16,"column":4},"end":{"line":16,"column":23}},"12":{"start":{"line":17,"column":4},"end":{"line":17,"column":32}},"13":{"start":{"line":79,"column":46},"end":{"line":79,"column":54}},"14":{"start":{"line":20,"column":18},"end":{"line":31,"column":1}},"15":{"start":{"line":21,"column":2},"end":{"line":30,"column":7}},"16":{"start":{"line":23,"column":6},"end":{"line":23,"column":68}},"17":{"start":{"line":26,"column":6},"end":{"line":26,"column":23}},"18":{"start":{"line":27,"column":6},"end":{"line":29,"column":72}},"19":{"start":{"line":79,"column":9},"end":{"line":79,"column":18}},"20":{"start":{"line":33,"column":20},"end":{"line":45,"column":1}},"21":{"start":{"line":34,"column":17},"end":{"line":34,"column":27}},"22":{"start":{"line":35,"column":2},"end":{"line":44,"column":7}},"23":{"start":{"line":37,"column":6},"end":{"line":37,"column":73}},"24":{"start":{"line":40,"column":6},"end":{"line":40,"column":23}},"25":{"start":{"line":41,"column":6},"end":{"line":43,"column":71}},"26":{"start":{"line":79,"column":20},"end":{"line":79,"column":31}},"27":{"start":{"line":47,"column":20},"end":{"line":59,"column":1}},"28":{"start":{"line":48,"column":17},"end":{"line":48,"column":27}},"29":{"start":{"line":49,"column":2},"end":{"line":58,"column":7}},"30":{"start":{"line":51,"column":6},"end":{"line":51,"column":35}},"31":{"start":{"line":54,"column":6},"end":{"line":54,"column":23}},"32":{"start":{"line":55,"column":6},"end":{"line":57,"column":71}},"33":{"start":{"line":79,"column":33},"end":{"line":79,"column":44}},"34":{"start":{"line":60,"column":20},"end":{"line":77,"column":1}},"35":{"start":{"line":61,"column":16},"end":{"line":61,"column":41}},"36":{"start":{"line":62,"column":2},"end":{"line":64,"column":3}},"37":{"start":{"line":63,"column":4},"end":{"line":63,"column":38}},"38":{"start":{"line":65,"column":17},"end":{"line":65,"column":27}},"39":{"start":{"line":66,"column":40},"end":{"line":66,"column":48}},"40":{"start":{"line":67,"column":2},"end":{"line":76,"column":7}},"41":{"start":{"line":69,"column":6},"end":{"line":69,"column":35}},"42":{"start":{"line":72,"column":6},"end":{"line":72,"column":23}},"43":{"start":{"line":73,"column":6},"end":{"line":75,"column":71}},"44":{"start":{"line":79,"column":56},"end":{"line":79,"column":67}}},"fnMap":{"0":{"name":"(anonymous_7)","decl":{"start":{"line":5,"column":17},"end":{"line":5,"column":24}},"loc":{"start":{"line":5,"column":55},"end":{"line":19,"column":null}}},"1":{"name":"(anonymous_8)","decl":{"start":{"line":5,"column":55},"end":{"line":5,"column":null}},"loc":{"start":{"line":5,"column":55},"end":{"line":19,"column":1}}},"2":{"name":"(anonymous_9)","decl":{"start":{"line":20,"column":18},"end":{"line":20,"column":19}},"loc":{"start":{"line":20,"column":50},"end":{"line":31,"column":1}}},"3":{"name":"(anonymous_10)","decl":{"start":{"line":22,"column":10},"end":{"line":22,"column":11}},"loc":{"start":{"line":22,"column":21},"end":{"line":24,"column":5}}},"4":{"name":"(anonymous_11)","decl":{"start":{"line":25,"column":11},"end":{"line":25,"column":12}},"loc":{"start":{"line":25,"column":24},"end":{"line":30,"column":5}}},"5":{"name":"(anonymous_12)","decl":{"start":{"line":33,"column":20},"end":{"line":33,"column":21}},"loc":{"start":{"line":33,"column":52},"end":{"line":45,"column":1}}},"6":{"name":"(anonymous_13)","decl":{"start":{"line":36,"column":10},"end":{"line":36,"column":11}},"loc":{"start":{"line":36,"column":21},"end":{"line":38,"column":5}}},"7":{"name":"(anonymous_14)","decl":{"start":{"line":39,"column":11},"end":{"line":39,"column":12}},"loc":{"start":{"line":39,"column":24},"end":{"line":44,"column":5}}},"8":{"name":"(anonymous_15)","decl":{"start":{"line":47,"column":20},"end":{"line":47,"column":21}},"loc":{"start":{"line":47,"column":58},"end":{"line":59,"column":1}}},"9":{"name":"(anonymous_16)","decl":{"start":{"line":50,"column":10},"end":{"line":50,"column":11}},"loc":{"start":{"line":50,"column":21},"end":{"line":52,"column":5}}},"10":{"name":"(anonymous_17)","decl":{"start":{"line":53,"column":11},"end":{"line":53,"column":12}},"loc":{"start":{"line":53,"column":24},"end":{"line":58,"column":5}}},"11":{"name":"(anonymous_18)","decl":{"start":{"line":60,"column":20},"end":{"line":60,"column":21}},"loc":{"start":{"line":60,"column":58},"end":{"line":77,"column":1}}},"12":{"name":"(anonymous_19)","decl":{"start":{"line":68,"column":10},"end":{"line":68,"column":11}},"loc":{"start":{"line":68,"column":21},"end":{"line":70,"column":5}}},"13":{"name":"(anonymous_20)","decl":{"start":{"line":71,"column":11},"end":{"line":71,"column":12}},"loc":{"start":{"line":71,"column":24},"end":{"line":76,"column":5}}}},"branchMap":{"0":{"loc":{"start":{"line":8,"column":4},"end":{"line":10,"column":5}},"type":"if","locations":[{"start":{"line":8,"column":4},"end":{"line":10,"column":5}}]},"1":{"loc":{"start":{"line":62,"column":2},"end":{"line":64,"column":3}},"type":"if","locations":[{"start":{"line":62,"column":2},"end":{"line":64,"column":3}}]}},"s":{"0":1,"1":1,"2":1,"3":1,"4":1,"5":1,"6":1,"7":0,"8":1,"9":1,"10":1,"11":0,"12":0,"13":1,"14":1,"15":1,"16":1,"17":0,"18":0,"19":1,"20":1,"21":2,"22":2,"23":1,"24":1,"25":1,"26":1,"27":1,"28":2,"29":2,"30":1,"31":1,"32":1,"33":1,"34":1,"35":2,"36":2,"37":0,"38":2,"39":2,"40":2,"41":1,"42":1,"43":1,"44":1},"f":{"0":1,"1":1,"2":1,"3":1,"4":0,"5":2,"6":1,"7":1,"8":2,"9":1,"10":1,"11":2,"12":1,"13":1},"b":{"0":[0],"1":[0]}}
,"C:\\Users\\LATIFAH\\backend-portifolio\\brand-backend\\src\\controllers\\messageController.ts": {"path":"C:\\Users\\LATIFAH\\backend-portifolio\\brand-backend\\src\\controllers\\messageController.ts","statementMap":{"0":{"start":{"line":2,"column":0},"end":{"line":2,"column":45}},"1":{"start":{"line":3,"column":0},"end":{"line":3,"column":66}},"2":{"start":{"line":5,"column":20},"end":{"line":20,"column":2}},"3":{"start":{"line":5,"column":58},"end":{"line":20,"column":2}},"4":{"start":{"line":6,"column":2},"end":{"line":19,"column":3}},"5":{"start":{"line":7,"column":18},"end":{"line":7,"column":46}},"6":{"start":{"line":8,"column":4},"end":{"line":10,"column":5}},"7":{"start":{"line":9,"column":6},"end":{"line":9,"column":34}},"8":{"start":{"line":12,"column":37},"end":{"line":12,"column":45}},"9":{"start":{"line":13,"column":21},"end":{"line":13,"column":67}},"10":{"start":{"line":15,"column":4},"end":{"line":15,"column":77}},"11":{"start":{"line":17,"column":4},"end":{"line":17,"column":23}},"12":{"start":{"line":18,"column":4},"end":{"line":18,"column":32}},"13":{"start":{"line":61,"column":9},"end":{"line":61,"column":20}},"14":{"start":{"line":22,"column":21},"end":{"line":35,"column":1}},"15":{"start":{"line":23,"column":2},"end":{"line":34,"column":7}},"16":{"start":{"line":25,"column":6},"end":{"line":27,"column":74}},"17":{"start":{"line":30,"column":6},"end":{"line":30,"column":23}},"18":{"start":{"line":31,"column":6},"end":{"line":33,"column":72}},"19":{"start":{"line":61,"column":22},"end":{"line":61,"column":34}},"20":{"start":{"line":36,"column":23},"end":{"line":48,"column":1}},"21":{"start":{"line":37,"column":17},"end":{"line":37,"column":27}},"22":{"start":{"line":38,"column":2},"end":{"line":47,"column":7}},"23":{"start":{"line":40,"column":6},"end":{"line":42,"column":76}},"24":{"start":{"line":45,"column":6},"end":{"line":45,"column":23}},"25":{"start":{"line":46,"column":6},"end":{"line":46,"column":78}},"26":{"start":{"line":61,"column":36},"end":{"line":61,"column":50}},"27":{"start":{"line":50,"column":23},"end":{"line":60,"column":1}},"28":{"start":{"line":51,"column":17},"end":{"line":51,"column":27}},"29":{"start":{"line":52,"column":2},"end":{"line":59,"column":7}},"30":{"start":{"line":54,"column":6},"end":{"line":54,"column":76}},"31":{"start":{"line":57,"column":6},"end":{"line":57,"column":23}},"32":{"start":{"line":58,"column":6},"end":{"line":58,"column":80}},"33":{"start":{"line":61,"column":52},"end":{"line":61,"column":66}}},"fnMap":{"0":{"name":"(anonymous_7)","decl":{"start":{"line":5,"column":20},"end":{"line":5,"column":27}},"loc":{"start":{"line":5,"column":58},"end":{"line":20,"column":2}}},"1":{"name":"(anonymous_8)","decl":{"start":{"line":5,"column":58},"end":{"line":5,"column":null}},"loc":{"start":{"line":5,"column":58},"end":{"line":20,"column":1}}},"2":{"name":"(anonymous_9)","decl":{"start":{"line":22,"column":21},"end":{"line":22,"column":22}},"loc":{"start":{"line":22,"column":53},"end":{"line":35,"column":1}}},"3":{"name":"(anonymous_10)","decl":{"start":{"line":24,"column":10},"end":{"line":24,"column":11}},"loc":{"start":{"line":24,"column":21},"end":{"line":28,"column":5}}},"4":{"name":"(anonymous_11)","decl":{"start":{"line":29,"column":11},"end":{"line":29,"column":12}},"loc":{"start":{"line":29,"column":24},"end":{"line":34,"column":5}}},"5":{"name":"(anonymous_12)","decl":{"start":{"line":36,"column":23},"end":{"line":36,"column":24}},"loc":{"start":{"line":36,"column":55},"end":{"line":48,"column":1}}},"6":{"name":"(anonymous_13)","decl":{"start":{"line":39,"column":10},"end":{"line":39,"column":11}},"loc":{"start":{"line":39,"column":21},"end":{"line":43,"column":5}}},"7":{"name":"(anonymous_14)","decl":{"start":{"line":44,"column":11},"end":{"line":44,"column":12}},"loc":{"start":{"line":44,"column":24},"end":{"line":47,"column":5}}},"8":{"name":"(anonymous_15)","decl":{"start":{"line":50,"column":23},"end":{"line":50,"column":24}},"loc":{"start":{"line":50,"column":55},"end":{"line":60,"column":1}}},"9":{"name":"(anonymous_16)","decl":{"start":{"line":53,"column":10},"end":{"line":53,"column":11}},"loc":{"start":{"line":53,"column":21},"end":{"line":55,"column":5}}},"10":{"name":"(anonymous_17)","decl":{"start":{"line":56,"column":11},"end":{"line":56,"column":12}},"loc":{"start":{"line":56,"column":24},"end":{"line":59,"column":5}}}},"branchMap":{"0":{"loc":{"start":{"line":8,"column":4},"end":{"line":10,"column":5}},"type":"if","locations":[{"start":{"line":8,"column":4},"end":{"line":10,"column":5}}]}},"s":{"0":1,"1":1,"2":1,"3":1,"4":1,"5":1,"6":1,"7":0,"8":1,"9":1,"10":1,"11":0,"12":0,"13":1,"14":1,"15":1,"16":1,"17":0,"18":0,"19":1,"20":1,"21":2,"22":2,"23":1,"24":1,"25":1,"26":1,"27":1,"28":2,"29":2,"30":1,"31":1,"32":1,"33":1},"f":{"0":1,"1":1,"2":1,"3":1,"4":0,"5":2,"6":1,"7":1,"8":2,"9":1,"10":1},"b":{"0":[0]}}
,"C:\\Users\\LATIFAH\\backend-portifolio\\brand-backend\\src\\models\\admin.ts": {"path":"C:\\Users\\LATIFAH\\backend-portifolio\\brand-backend\\src\\models\\admin.ts","statementMap":{"0":{"start":{"line":1,"column":0},"end":{"line":1,"column":32}},"1":{"start":{"line":4,"column":19},"end":{"line":16,"column":null}},"2":{"start":{"line":31,"column":13},"end":{"line":31,"column":56}}},"fnMap":{},"branchMap":{},"s":{"0":1,"1":1,"2":1},"f":{},"b":{}}
,"C:\\Users\\LATIFAH\\backend-portifolio\\brand-backend\\src\\models\\blog.ts": {"path":"C:\\Users\\LATIFAH\\backend-portifolio\\brand-backend\\src\\models\\blog.ts","statementMap":{"0":{"start":{"line":1,"column":0},"end":{"line":1,"column":null}},"1":{"start":{"line":4,"column":25},"end":{"line":9,"column":2}},"2":{"start":{"line":11,"column":13},"end":{"line":11,"column":50}}},"fnMap":{},"branchMap":{},"s":{"0":1,"1":1,"2":1},"f":{},"b":{}}
,"C:\\Users\\LATIFAH\\backend-portifolio\\brand-backend\\src\\models\\messages.ts": {"path":"C:\\Users\\LATIFAH\\backend-portifolio\\brand-backend\\src\\models\\messages.ts","statementMap":{"0":{"start":{"line":1,"column":0},"end":{"line":1,"column":67}},"1":{"start":{"line":3,"column":27},"end":{"line":16,"column":2}},"2":{"start":{"line":18,"column":13},"end":{"line":18,"column":61}}},"fnMap":{},"branchMap":{},"s":{"0":1,"1":1,"2":1},"f":{},"b":{}}
,"C:\\Users\\LATIFAH\\backend-portifolio\\brand-backend\\validation\\validations.ts": {"path":"C:\\Users\\LATIFAH\\backend-portifolio\\brand-backend\\validation\\validations.ts","statementMap":{"0":{"start":{"line":1,"column":0},"end":{"line":1,"column":22}},"1":{"start":{"line":3,"column":30},"end":{"line":9,"column":35}},"2":{"start":{"line":4,"column":21},"end":{"line":8,"column":2}},"3":{"start":{"line":9,"column":0},"end":{"line":9,"column":34}},"4":{"start":{"line":3,"column":13},"end":{"line":3,"column":30}},"5":{"start":{"line":11,"column":32},"end":{"line":19,"column":1}},"6":{"start":{"line":14,"column":22},"end":{"line":17,"column":4}},"7":{"start":{"line":18,"column":2},"end":{"line":18,"column":null}},"8":{"start":{"line":11,"column":13},"end":{"line":11,"column":32}},"9":{"start":{"line":23,"column":34},"end":{"line":34,"column":1}},"10":{"start":{"line":28,"column":24},"end":{"line":32,"column":4}},"11":{"start":{"line":33,"column":2},"end":{"line":33,"column":42}},"12":{"start":{"line":23,"column":13},"end":{"line":23,"column":34}}},"fnMap":{"0":{"name":"(anonymous_1)","decl":{"start":{"line":3,"column":30},"end":{"line":3,"column":31}},"loc":{"start":{"line":3,"column":88},"end":{"line":9,"column":35}}},"1":{"name":"(anonymous_2)","decl":{"start":{"line":11,"column":32},"end":{"line":11,"column":33}},"loc":{"start":{"line":13,"column":5},"end":{"line":19,"column":1}}},"2":{"name":"(anonymous_3)","decl":{"start":{"line":23,"column":34},"end":{"line":23,"column":35}},"loc":{"start":{"line":27,"column":5},"end":{"line":34,"column":1}}}},"branchMap":{},"s":{"0":1,"1":1,"2":3,"3":3,"4":1,"5":1,"6":5,"7":5,"8":1,"9":1,"10":1,"11":1,"12":1},"f":{"0":3,"1":5,"2":1},"b":{}}
}
