TN:
SF:middleWare\authMiddleware.ts
FN:4,verifyToken
FN:13,(anonymous_2)
FNF:2
FNH:2
FNDA:17,verifyToken
FNDA:12,(anonymous_2)
DA:2,1
DA:5,17
DA:6,17
DA:7,5
DA:13,12
DA:14,12
DA:15,2
DA:22,10
DA:23,10
DA:26,1
LF:10
LH:10
BRDA:5,0,0,5
BRDA:5,0,1,12
BRDA:5,1,0,17
BRDA:5,1,1,17
BRDA:6,2,0,5
BRDA:14,3,0,2
BRF:6
BRH:6
end_of_record
TN:
SF:routes\blogRoutes.ts
FNF:0
FNH:0
DA:1,1
DA:4,1
DA:5,1
DA:8,1
DA:10,1
DA:12,1
DA:14,1
DA:15,1
DA:17,1
DA:18,1
LF:10
LH:10
BRF:0
BRH:0
end_of_record
TN:
SF:routes\messagesRoutes.ts
FNF:0
FNH:0
DA:2,1
DA:4,1
DA:5,1
DA:7,1
DA:8,1
DA:9,1
DA:10,1
DA:16,1
DA:21,1
LF:9
LH:9
BRF:0
BRH:0
end_of_record
TN:
SF:src\index.ts
FN:21,(anonymous_8)
FN:26,(anonymous_9)
FN:26,(anonymous_10)
FN:78,(anonymous_11)
FN:78,(anonymous_12)
FNF:5
FNH:5
FNDA:1,(anonymous_8)
FNDA:2,(anonymous_9)
FNDA:2,(anonymous_10)
FNDA:3,(anonymous_11)
FNDA:3,(anonymous_12)
DA:1,1
DA:3,1
DA:4,1
DA:5,1
DA:7,1
DA:8,1
DA:9,1
DA:10,1
DA:11,1
DA:12,1
DA:13,1
DA:14,1
DA:15,1
DA:16,1
DA:17,1
DA:18,1
DA:19,1
DA:20,1
DA:21,1
DA:22,1
DA:25,1
DA:26,2
DA:27,2
DA:29,2
DA:30,2
DA:31,2
DA:32,0
DA:35,2
DA:39,2
DA:44,2
DA:45,1
DA:52,2
DA:54,2
DA:60,1
DA:66,1
DA:69,1
DA:72,1
DA:78,3
DA:79,3
DA:80,3
DA:81,3
DA:82,3
DA:83,0
DA:86,3
DA:89,3
DA:94,3
DA:95,1
DA:100,1
DA:105,2
DA:112,2
DA:113,1
DA:118,1
DA:122,1
DA:128,1
DA:136,0
DA:145,1
DA:146,1
DA:148,1
LF:58
LH:55
BRDA:31,0,0,0
BRDA:44,1,0,1
BRDA:82,2,0,0
BRDA:94,3,0,1
BRDA:112,4,0,1
BRDA:123,5,0,0
BRDA:123,5,1,1
BRDA:123,6,0,1
BRDA:123,6,1,1
BRDA:123,7,0,0
BRDA:123,7,1,1
BRDA:123,8,0,1
BRDA:123,8,1,1
BRF:13
BRH:9
end_of_record
TN:
SF:src\controllers\blogController.ts
FN:5,(anonymous_7)
FN:5,(anonymous_8)
FN:20,(anonymous_9)
FN:22,(anonymous_10)
FN:25,(anonymous_11)
FN:33,(anonymous_12)
FN:36,(anonymous_13)
FN:39,(anonymous_14)
FN:47,(anonymous_15)
FN:50,(anonymous_16)
FN:53,(anonymous_17)
FN:60,(anonymous_18)
FN:68,(anonymous_19)
FN:71,(anonymous_20)
FNF:14
FNH:13
FNDA:1,(anonymous_7)
FNDA:1,(anonymous_8)
FNDA:1,(anonymous_9)
FNDA:1,(anonymous_10)
FNDA:0,(anonymous_11)
FNDA:2,(anonymous_12)
FNDA:1,(anonymous_13)
FNDA:1,(anonymous_14)
FNDA:2,(anonymous_15)
FNDA:1,(anonymous_16)
FNDA:1,(anonymous_17)
FNDA:2,(anonymous_18)
FNDA:1,(anonymous_19)
FNDA:1,(anonymous_20)
DA:2,1
DA:3,1
DA:5,1
DA:6,1
DA:7,1
DA:8,1
DA:9,0
DA:12,1
DA:13,1
DA:14,1
DA:16,0
DA:17,0
DA:20,1
DA:21,1
DA:23,1
DA:26,0
DA:27,0
DA:33,1
DA:34,2
DA:35,2
DA:37,1
DA:40,1
DA:41,1
DA:47,1
DA:48,2
DA:49,2
DA:51,1
DA:54,1
DA:55,1
DA:60,1
DA:61,2
DA:62,2
DA:63,0
DA:65,2
DA:66,2
DA:67,2
DA:69,1
DA:72,1
DA:73,1
DA:79,1
LF:40
LH:34
BRDA:8,0,0,0
BRDA:62,1,0,0
BRF:2
BRH:0
end_of_record
TN:
SF:src\controllers\messageController.ts
FN:5,(anonymous_7)
FN:5,(anonymous_8)
FN:22,(anonymous_9)
FN:24,(anonymous_10)
FN:29,(anonymous_11)
FN:36,(anonymous_12)
FN:39,(anonymous_13)
FN:44,(anonymous_14)
FN:50,(anonymous_15)
FN:53,(anonymous_16)
FN:56,(anonymous_17)
FNF:11
FNH:10
FNDA:1,(anonymous_7)
FNDA:1,(anonymous_8)
FNDA:1,(anonymous_9)
FNDA:1,(anonymous_10)
FNDA:0,(anonymous_11)
FNDA:2,(anonymous_12)
FNDA:1,(anonymous_13)
FNDA:1,(anonymous_14)
FNDA:2,(anonymous_15)
FNDA:1,(anonymous_16)
FNDA:1,(anonymous_17)
DA:2,1
DA:3,1
DA:5,1
DA:6,1
DA:7,1
DA:8,1
DA:9,0
DA:12,1
DA:13,1
DA:15,1
DA:17,0
DA:18,0
DA:22,1
DA:23,1
DA:25,1
DA:30,0
DA:31,0
DA:36,1
DA:37,2
DA:38,2
DA:40,1
DA:45,1
DA:46,1
DA:50,1
DA:51,2
DA:52,2
DA:54,1
DA:57,1
DA:58,1
DA:61,1
LF:30
LH:25
BRDA:8,0,0,0
BRF:1
BRH:0
end_of_record
TN:
SF:src\models\admin.ts
FNF:0
FNH:0
DA:1,1
DA:4,1
DA:31,1
LF:3
LH:3
BRF:0
BRH:0
end_of_record
TN:
SF:src\models\blog.ts
FNF:0
FNH:0
DA:1,1
DA:4,1
DA:11,1
LF:3
LH:3
BRF:0
BRH:0
end_of_record
TN:
SF:src\models\messages.ts
FNF:0
FNH:0
DA:1,1
DA:3,1
DA:18,1
LF:3
LH:3
BRF:0
BRH:0
end_of_record
TN:
SF:validation\validations.ts
FN:3,(anonymous_1)
FN:11,(anonymous_2)
FN:23,(anonymous_3)
FNF:3
FNH:3
FNDA:3,(anonymous_1)
FNDA:5,(anonymous_2)
FNDA:1,(anonymous_3)
DA:1,1
DA:3,1
DA:4,3
DA:9,3
DA:11,1
DA:14,5
DA:18,5
DA:23,1
DA:28,1
DA:33,1
LF:10
LH:10
BRF:0
BRH:0
end_of_record
