TN:
SF:middleWare\authMiddleware.ts
FN:4,verifyToken
FN:13,(anonymous_2)
FNF:2
FNH:2
FNDA:6,verifyToken
FNDA:6,(anonymous_2)
DA:2,1
DA:5,6
DA:6,6
DA:7,0
DA:13,6
DA:14,6
DA:15,0
DA:16,0
DA:23,6
DA:24,6
DA:27,1
LF:11
LH:8
BRDA:5,0,0,0
BRDA:5,0,1,6
BRDA:5,1,0,6
BRDA:5,1,1,6
BRDA:6,2,0,0
BRDA:14,3,0,0
BRF:6
BRH:3
end_of_record
TN:
SF:routes\blogRoutes.ts
FNF:0
FNH:0
DA:1,1
DA:4,1
DA:5,1
DA:8,1
DA:10,1
DA:12,1
DA:14,1
DA:15,1
DA:17,1
DA:18,1
LF:10
LH:10
BRF:0
BRH:0
end_of_record
TN:
SF:routes\messagesRoutes.ts
FNF:0
FNH:0
DA:2,1
DA:4,1
DA:5,1
DA:7,1
DA:8,1
DA:9,1
DA:10,1
DA:16,1
DA:21,1
LF:9
LH:9
BRF:0
BRH:0
end_of_record
TN:
SF:src\index.ts
FN:20,(anonymous_8)
FN:25,(anonymous_9)
FN:25,(anonymous_10)
FN:80,(anonymous_11)
FN:80,(anonymous_12)
FNF:5
FNH:5
FNDA:1,(anonymous_8)
FNDA:1,(anonymous_9)
FNDA:1,(anonymous_10)
FNDA:1,(anonymous_11)
FNDA:1,(anonymous_12)
DA:1,1
DA:3,1
DA:4,1
DA:5,1
DA:7,1
DA:8,1
DA:9,1
DA:10,1
DA:11,1
DA:12,1
DA:13,1
DA:14,1
DA:16,1
DA:17,1
DA:18,1
DA:19,1
DA:20,1
DA:21,1
DA:24,1
DA:25,1
DA:26,1
DA:28,1
DA:29,1
DA:30,1
DA:31,0
DA:34,1
DA:39,1
DA:44,1
DA:45,0
DA:55,1
DA:57,1
DA:63,1
DA:71,0
DA:74,0
DA:80,1
DA:81,1
DA:83,1
DA:84,1
DA:85,1
DA:86,0
DA:89,1
DA:92,1
DA:97,1
DA:98,0
DA:103,0
DA:108,1
DA:115,1
DA:116,0
DA:121,0
DA:127,1
DA:136,1
DA:144,0
DA:152,1
DA:154,1
LF:54
LH:44
BRDA:30,0,0,0
BRDA:44,1,0,0
BRDA:85,2,0,0
BRDA:97,3,0,0
BRDA:115,4,0,0
BRDA:128,5,0,0
BRDA:128,5,1,1
BRDA:128,6,0,1
BRDA:128,6,1,1
BRDA:128,7,0,0
BRDA:128,7,1,1
BRDA:128,8,0,1
BRDA:128,8,1,1
BRF:13
BRH:6
end_of_record
TN:
SF:src\controllers\blogController.ts
FN:5,(anonymous_7)
FN:5,(anonymous_8)
FN:21,(anonymous_9)
FN:23,(anonymous_10)
FN:26,(anonymous_11)
FN:34,(anonymous_12)
FN:37,(anonymous_13)
FN:40,(anonymous_14)
FN:48,(anonymous_15)
FN:52,(anonymous_16)
FN:56,(anonymous_17)
FN:63,(anonymous_18)
FN:71,(anonymous_19)
FN:74,(anonymous_20)
FNF:14
FNH:10
FNDA:1,(anonymous_7)
FNDA:1,(anonymous_8)
FNDA:1,(anonymous_9)
FNDA:1,(anonymous_10)
FNDA:0,(anonymous_11)
FNDA:1,(anonymous_12)
FNDA:1,(anonymous_13)
FNDA:0,(anonymous_14)
FNDA:1,(anonymous_15)
FNDA:1,(anonymous_16)
FNDA:0,(anonymous_17)
FNDA:1,(anonymous_18)
FNDA:1,(anonymous_19)
FNDA:0,(anonymous_20)
DA:2,1
DA:3,1
DA:5,1
DA:6,1
DA:7,1
DA:8,1
DA:9,0
DA:13,1
DA:14,1
DA:15,1
DA:17,0
DA:18,0
DA:21,1
DA:22,1
DA:24,1
DA:27,0
DA:28,0
DA:34,1
DA:35,1
DA:36,1
DA:38,1
DA:41,0
DA:42,0
DA:48,1
DA:49,1
DA:51,1
DA:53,1
DA:54,1
DA:57,0
DA:58,0
DA:63,1
DA:64,1
DA:65,1
DA:66,0
DA:68,1
DA:69,1
DA:70,1
DA:72,1
DA:75,0
DA:76,0
DA:82,1
LF:41
LH:29
BRDA:8,0,0,0
BRDA:65,1,0,0
BRF:2
BRH:0
end_of_record
TN:
SF:src\controllers\messageController.ts
FN:5,(anonymous_7)
FN:5,(anonymous_8)
FN:22,(anonymous_9)
FN:24,(anonymous_10)
FN:29,(anonymous_11)
FN:36,(anonymous_12)
FN:39,(anonymous_13)
FN:44,(anonymous_14)
FN:50,(anonymous_15)
FN:53,(anonymous_16)
FN:56,(anonymous_17)
FNF:11
FNH:8
FNDA:1,(anonymous_7)
FNDA:1,(anonymous_8)
FNDA:1,(anonymous_9)
FNDA:1,(anonymous_10)
FNDA:0,(anonymous_11)
FNDA:1,(anonymous_12)
FNDA:1,(anonymous_13)
FNDA:0,(anonymous_14)
FNDA:1,(anonymous_15)
FNDA:1,(anonymous_16)
FNDA:0,(anonymous_17)
DA:2,1
DA:3,1
DA:5,1
DA:6,1
DA:7,1
DA:8,1
DA:9,0
DA:12,1
DA:13,1
DA:15,1
DA:17,0
DA:18,0
DA:22,1
DA:23,1
DA:25,1
DA:30,0
DA:31,0
DA:36,1
DA:37,1
DA:38,1
DA:40,1
DA:45,0
DA:46,0
DA:50,1
DA:51,1
DA:52,1
DA:54,1
DA:57,0
DA:58,0
DA:61,1
LF:30
LH:21
BRDA:8,0,0,0
BRF:1
BRH:0
end_of_record
TN:
SF:src\models\admin.ts
FNF:0
FNH:0
DA:1,1
DA:4,1
DA:19,1
LF:3
LH:3
BRF:0
BRH:0
end_of_record
TN:
SF:src\models\blog.ts
FNF:0
FNH:0
DA:1,1
DA:4,1
DA:11,1
LF:3
LH:3
BRF:0
BRH:0
end_of_record
TN:
SF:src\models\messages.ts
FNF:0
FNH:0
DA:1,1
DA:3,1
DA:18,1
LF:3
LH:3
BRF:0
BRH:0
end_of_record
TN:
SF:validation\validations.ts
FN:3,(anonymous_1)
FN:11,(anonymous_2)
FN:23,(anonymous_3)
FNF:3
FNH:3
FNDA:2,(anonymous_1)
FNDA:2,(anonymous_2)
FNDA:1,(anonymous_3)
DA:1,1
DA:3,1
DA:4,2
DA:9,2
DA:11,1
DA:14,2
DA:18,2
DA:23,1
DA:28,1
DA:33,1
LF:10
LH:10
BRF:0
BRH:0
end_of_record
